NOTE: This file must not be edited!
 
Date                  Version     Name            Axis   OpMode        Status        BM config   
========================================================================================================================
2022-04-21 13:54:53   v1.71       ROB_1           1      OP_MAN_PROG   OK            TRUE        
2022-04-21 13:55:03   v1.71       ROB_1           2      OP_MAN_PROG   OK            TRUE        
2022-04-21 13:55:13   v1.71       ROB_1           3      OP_MAN_PROG   OK            TRUE        
2022-04-21 13:55:23   v1.71       ROB_1           4      OP_MAN_PROG   OK            TRUE        
2022-04-21 13:55:33   v1.71       ROB_1           5      OP_MAN_PROG   OK            TRUE        
2022-04-21 13:55:42   v1.71       ROB_1           6      OP_MAN_PROG   OK            TRUE        
                      Position:
                      ROB_1:  23.6:57.5:-22:-57.1:51.6:104.9
 
------------------------------------------------------------------------------------------------------------------------
2022-05-19 09:30:45   v1.71       ROB_1           1      OP_MAN_PROG   OK            TRUE        
2022-05-19 09:30:55   v1.71       ROB_1           2      OP_MAN_PROG   OK            TRUE        
2022-05-19 09:31:05   v1.71       ROB_1           3      OP_MAN_PROG   OK            TRUE        
2022-05-19 09:31:15   v1.71       ROB_1           4      OP_MAN_PROG   OK            TRUE        
2022-05-19 09:31:25   v1.71       ROB_1           5      OP_MAN_PROG   OK            TRUE        
2022-05-19 09:31:35   v1.71       ROB_1           6      OP_MAN_PROG   OK            TRUE        
2022-05-19 09:31:45   v1.71       TRACK           1      OP_MAN_PROG   OK            TRUE        
                      Position:
                      ROB_1:  0:-45:15:0:30:90
                      TRACK: 2500
 
------------------------------------------------------------------------------------------------------------------------
